<?xml version="1.0" encoding="UTF-8"?>
<!-- Generated by org.testng.reporters.JUnitReportReporter -->
<testsuite hostname="DESKTOP-ROILG6T" failures="0" tests="5" name="SeleniumPOM.Assign.PageObjectModel.MyTest" time="-1693294080.000" errors="1" timestamp="2023-08-29T12:59:58 IST" skipped="4">
  <testcase classname="SeleniumPOM.Assign.PageObjectModel.MyTest" name="verifyRegister" time="0.000">
    <skipped/>
  </testcase> <!-- verifyRegister -->
  <testcase classname="SeleniumPOM.Assign.PageObjectModel.MyTest" name="beforeTest" time="-1693294080.000">
    <error message="
Can inject only one of &lt;ITestContext, XmlTest&gt; into a @BeforeTest annotated beforeTest.
For more information on native dependency injection please refer to https://testng.org/doc/documentation-main.html#native-dependency-injection" type="org.testng.TestNGException">
      <![CDATA[org.testng.TestNGException: 
Can inject only one of <ITestContext, XmlTest> into a @BeforeTest annotated beforeTest.
For more information on native dependency injection please refer to https://testng.org/doc/documentation-main.html#native-dependency-injection
at org.testng.internal.Parameters.checkParameterTypes(Parameters.java:436)
at org.testng.internal.Parameters.createParametersForMethod(Parameters.java:350)
at org.testng.internal.Parameters.createParameters(Parameters.java:693)
at org.testng.internal.Parameters.createConfigurationParameters(Parameters.java:166)
at org.testng.internal.invokers.ConfigInvoker.invokeConfigurations(ConfigInvoker.java:306)
at org.testng.TestRunner.invokeTestConfigurations(TestRunner.java:663)
at org.testng.TestRunner.beforeRun(TestRunner.java:652)
at org.testng.TestRunner.run(TestRunner.java:614)
at org.testng.SuiteRunner.runTest(SuiteRunner.java:443)
at org.testng.SuiteRunner.runSequentially(SuiteRunner.java:437)
at org.testng.SuiteRunner.privateRun(SuiteRunner.java:397)
at org.testng.SuiteRunner.run(SuiteRunner.java:336)
at org.testng.SuiteRunnerWorker.runSuite(SuiteRunnerWorker.java:52)
at org.testng.SuiteRunnerWorker.run(SuiteRunnerWorker.java:95)
at org.testng.TestNG.runSuitesSequentially(TestNG.java:1280)
at org.testng.TestNG.runSuitesLocally(TestNG.java:1200)
at org.testng.TestNG.runSuites(TestNG.java:1114)
at org.testng.TestNG.run(TestNG.java:1082)
at org.testng.remote.AbstractRemoteTestNG.run(AbstractRemoteTestNG.java:115)
at org.testng.remote.RemoteTestNG.initAndRun(RemoteTestNG.java:251)
at org.testng.remote.RemoteTestNG.main(RemoteTestNG.java:77)
]]>
    </error>
  </testcase> <!-- beforeTest -->
  <testcase classname="SeleniumPOM.Assign.PageObjectModel.MyTest" name="verifyRegister" time="0.000">
    <skipped/>
  </testcase> <!-- verifyRegister -->
  <testcase classname="SeleniumPOM.Assign.PageObjectModel.MyTest" name="verifyRegister" time="0.000">
    <skipped/>
  </testcase> <!-- verifyRegister -->
  <testcase classname="SeleniumPOM.Assign.PageObjectModel.MyTest" name="verifyRegister" time="0.000">
    <skipped/>
  </testcase> <!-- verifyRegister -->
</testsuite> <!-- SeleniumPOM.Assign.PageObjectModel.MyTest -->
